<?xml version="1.0" encoding="UTF-8"?>
<!-- Generated by org.testng.reporters.JUnitXMLReporter -->
<testsuite ignored="0" hostname="LNAR-5CG2220YMG" failures="0" tests="3" name="Default test" time="0.104" errors="0" timestamp="2025-05-26T12:29:07 EDT">
  <testcase classname="TestBaseTest.BaseTest" name="@BeforeTest setUp" time="-1.748276947235E9">
    <failure type="org.testng.TestNGException" message="
Parameter &amp;apos;urlname&amp;apos; is required by BeforeTest on method setUp but has not been marked @Optional or defined
in C:\Users\msivanan\AppData\Local\Temp\testng-eclipse-62141166\testng-customsuite.xml">
      <![CDATA[org.testng.TestNGException: 
Parameter 'urlname' is required by BeforeTest on method setUp but has not been marked @Optional or defined
in C:\Users\msivanan\AppData\Local\Temp\testng-eclipse-62141166\testng-customsuite.xml
at org.testng.internal.Parameters.createParams(Parameters.java:264)
at org.testng.internal.Parameters.createParametersForMethod(Parameters.java:352)
at org.testng.internal.Parameters.createParameters(Parameters.java:690)
at org.testng.internal.Parameters.createConfigurationParameters(Parameters.java:163)
at org.testng.internal.invokers.ConfigInvoker.invokeConfigurations(ConfigInvoker.java:313)
at org.testng.TestRunner.invokeTestConfigurations(TestRunner.java:655)
at org.testng.TestRunner.beforeRun(TestRunner.java:644)
at org.testng.TestRunner.run(TestRunner.java:610)
at org.testng.SuiteRunner.runTest(SuiteRunner.java:421)
at org.testng.SuiteRunner.runSequentially(SuiteRunner.java:413)
at org.testng.SuiteRunner.privateRun(SuiteRunner.java:373)
at org.testng.SuiteRunner.run(SuiteRunner.java:312)
at org.testng.SuiteRunnerWorker.runSuite(SuiteRunnerWorker.java:52)
at org.testng.SuiteRunnerWorker.run(SuiteRunnerWorker.java:95)
at org.testng.TestNG.runSuitesSequentially(TestNG.java:1274)
at org.testng.TestNG.runSuitesLocally(TestNG.java:1208)
at org.testng.TestNG.runSuites(TestNG.java:1112)
at org.testng.TestNG.run(TestNG.java:1079)
at org.testng.remote.AbstractRemoteTestNG.run(AbstractRemoteTestNG.java:115)
at org.testng.remote.RemoteTestNG.initAndRun(RemoteTestNG.java:293)
at org.testng.remote.RemoteTestNG.main(RemoteTestNG.java:91)
]]>
    </failure>
  </testcase> <!-- @BeforeTest setUp -->
  <testcase classname="TestBaseTest.BaseTest" name="@AfterTest tearDown" time="0.0">
    <skipped/>
  </testcase> <!-- @AfterTest tearDown -->
  <testcase classname="Testcases.OpenCart" name="regPage" time="0.0">
    <skipped/>
  </testcase> <!-- regPage -->
  <testcase classname="Testcases.OpenCart" name="regPage" time="0.0">
    <skipped/>
  </testcase> <!-- regPage -->
  <testcase classname="Testcases.OpenCart" name="regPage" time="0.0">
    <skipped/>
  </testcase> <!-- regPage -->
</testsuite> <!-- Default test -->
